[    0.000000] Initializing cgroup subsys cpuset
[    0.000000] Initializing cgroup subsys cpu
[    0.000000] Initializing cgroup subsys cpuacct
[    0.000000] Linux version 4.4.0-193-generic (buildd@lcy01-amd64-010) (gcc version 5.4.0 20160609 (Ubuntu 5.4.0-6ubuntu1~16.04.12) ) #224-Ubuntu SMP Tue Oct 6 17:16:25 UTC 2020 (Ubuntu 4.4.0-193.224-generic 4.4.236)
[    0.000000] KERNEL supported cpus:
[    0.000000]   Intel GenuineIntel
[    0.000000]   AMD AuthenticAMD
[    0.000000]   NSC Geode by NSC
[    0.000000]   Cyrix CyrixInstad
[    0.000000]   Centaur CentaurHauls
[    0.000000]   Transmeta GenuineTMx86
[    0.000000]   Transmeta TransmetaCPU
[    0.000000]   UMC UMC UMC UMC
[    0.000000] x86/fpu: xstate_offset[2]:  576, xstate_sizes[2]:  256
[    0.000000] x86/fpu: Supporting XSAVE feature 0x01: 'x87 floating point registers'
[    0.000000] x86/fpu: Supporting XSAVE feature 0x02: 'SSE registers'
[    0.000000] x86/fpu: Supporting XSAVE feature 0x04: 'AVX registers'
[    0.000000] x86/fpu: Enabled xstate features 0x7, context size is 832 bytes, using 'standard' format.
[    0.000000] e820: BIOS-provided physical RAM map:
[    0.000000] BIOS-e820: [mem 0x0000000000000000-0x000000000009fbff] usable
[    0.000000] BIOS-e820: [mem 0x000000000009fc00-0x000000000009ffff] reserved
[    0.000000] BIOS-e820: [mem 0x00000000000f0000-0x00000000000fffff] reserved
[    0.000000] BIOS-e820: [mem 0x0000000000100000-0x000000003ffeffff] usable
[    0.000000] BIOS-e820: [mem 0x000000003fff0000-0x000000003fffffff] ACPI data
[    0.000000] BIOS-e820: [mem 0x00000000fec00000-0x00000000fec00fff] reserved
[    0.000000] BIOS-e820: [mem 0x00000000fee00000-0x00000000fee00fff] reserved
[    0.000000] BIOS-e820: [mem 0x00000000fffc0000-0x00000000ffffffff] reserved
[    0.000000] NX (Execute Disable) protection: active
[    0.000000] SMBIOS 2.5 present.
[    0.000000] Hypervisor detected: KVM
[    0.000000] e820: last_pfn = 0x3fff0 max_arch_pfn = 0x1000000
[    0.000000] MTRR: Disabled
[    0.000000] x86/PAT: MTRRs disabled, skipping PAT initialization too.
[    0.000000] CPU MTRRs all blank - virtualized system.
[    0.000000] x86/PAT: Configuration [0-7]: WB  WT  UC- UC  WB  WT  UC- UC  
[    0.000000] found SMP MP-table at [mem 0x0009fff0-0x0009ffff] mapped at [c009fff0]
[    0.000000] Scanning 1 areas for low memory corruption
[    0.000000] RAMDISK: [mem 0x362f4000-0x37171fff]
[    0.000000] ACPI: Early table checksum verification disabled
[    0.000000] ACPI: RSDP 0x00000000000E0000 000024 (v02 VBOX  )
[    0.000000] ACPI: XSDT 0x000000003FFF0030 00003C (v01 VBOX   VBOXXSDT 00000001 ASL  00000061)
[    0.000000] ACPI: FACP 0x000000003FFF00F0 0000F4 (v04 VBOX   VBOXFACP 00000001 ASL  00000061)
[    0.000000] ACPI: DSDT 0x000000003FFF0470 002325 (v02 VBOX   VBOXBIOS 00000002 INTL 20100528)
[    0.000000] ACPI: FACS 0x000000003FFF0200 000040
[    0.000000] ACPI: FACS 0x000000003FFF0200 000040
[    0.000000] ACPI: APIC 0x000000003FFF0240 00005C (v02 VBOX   VBOXAPIC 00000001 ASL  00000061)
[    0.000000] ACPI: SSDT 0x000000003FFF02A0 0001CC (v01 VBOX   VBOXCPUT 00000002 INTL 20100528)
[    0.000000] 131MB HIGHMEM available.
[    0.000000] 891MB LOWMEM available.
[    0.000000]   mapped low ram: 0 - 37bfe000
[    0.000000]   low ram: 0 - 37bfe000
[    0.000000] kvm-clock: Using msrs 4b564d01 and 4b564d00
[    0.000000] kvm-clock: cpu 0, msr 0:37bfd001, primary cpu clock
[    0.000000] kvm-clock: using sched offset of 5018390775 cycles
[    0.000000] clocksource: kvm-clock: mask: 0xffffffffffffffff max_cycles: 0x1cd42e4dffb, max_idle_ns: 881590591483 ns
[    0.000000] Zone ranges:
[    0.000000]   DMA      [mem 0x0000000000001000-0x0000000000ffffff]
[    0.000000]   Normal   [mem 0x0000000001000000-0x0000000037bfdfff]
[    0.000000]   HighMem  [mem 0x0000000037bfe000-0x000000003ffeffff]
[    0.000000] Movable zone start for each node
[    0.000000] Early memory node ranges
[    0.000000]   node   0: [mem 0x0000000000001000-0x000000000009efff]
[    0.000000]   node   0: [mem 0x0000000000100000-0x000000003ffeffff]
[    0.000000] Initmem setup node 0 [mem 0x0000000000001000-0x000000003ffeffff]
[    0.000000] Using APIC driver default
[    0.000000] ACPI: PM-Timer IO Port: 0x4008
[    0.000000] IOAPIC[0]: apic_id 2, version 32, address 0xfec00000, GSI 0-23
[    0.000000] ACPI: INT_SRC_OVR (bus 0 bus_irq 0 global_irq 2 dfl dfl)
[    0.000000] ACPI: INT_SRC_OVR (bus 0 bus_irq 9 global_irq 9 low level)
[    0.000000] Using ACPI (MADT) for SMP configuration information
[    0.000000] smpboot: Allowing 2 CPUs, 0 hotplug CPUs
[    0.000000] PM: Registered nosave memory: [mem 0x00000000-0x00000fff]
[    0.000000] PM: Registered nosave memory: [mem 0x0009f000-0x0009ffff]
[    0.000000] PM: Registered nosave memory: [mem 0x000a0000-0x000effff]
[    0.000000] PM: Registered nosave memory: [mem 0x000f0000-0x000fffff]
[    0.000000] e820: [mem 0x40000000-0xfebfffff] available for PCI devices
[    0.000000] Booting paravirtualized kernel on KVM
[    0.000000] clocksource: refined-jiffies: mask: 0xffffffff max_cycles: 0xffffffff, max_idle_ns: 7645519600211568 ns
[    0.000000] setup_percpu: NR_CPUS:8 nr_cpumask_bits:8 nr_cpu_ids:2 nr_node_ids:1
[    0.000000] PERCPU: Embedded 18 pages/cpu @f71b2000 s43276 r0 d30452 u73728
[    0.000000] Built 1 zonelists in Zone order, mobility grouping on.  Total pages: 259800
[    0.000000] Kernel command line: BOOT_IMAGE=/boot/vmlinuz-4.4.0-193-generic root=UUID=584487b5-8ae1-4b7b-ba8f-5d411d51f5e3 ro console=tty1 console=ttyS0
[    0.000000] PID hash table entries: 4096 (order: 2, 16384 bytes)
[    0.000000] Dentry cache hash table entries: 131072 (order: 7, 524288 bytes)
[    0.000000] Inode-cache hash table entries: 65536 (order: 6, 262144 bytes)
[    0.000000] Initializing CPU#0
[    0.000000] Initializing HighMem for node 0 (00037bfe:0003fff0)
[    0.000000] Initializing Movable for node 0 (00000000:00000000)
[    0.000000] Memory: 1007856K/1048120K available (8149K kernel code, 790K rwdata, 3212K rodata, 940K init, 788K bss, 40264K reserved, 0K cma-reserved, 135112K highmem)
[    0.000000] virtual kernel memory layout:
[    0.000000]     fixmap  : 0xfff15000 - 0xfffff000   ( 936 kB)
[    0.000000]     pkmap   : 0xffc00000 - 0xffe00000   (2048 kB)
[    0.000000]     vmalloc : 0xf83fe000 - 0xffbfe000   ( 120 MB)
[    0.000000]     lowmem  : 0xc0000000 - 0xf7bfe000   ( 891 MB)
[    0.000000]       .init : 0xc1be1000 - 0xc1ccc000   ( 940 kB)
[    0.000000]       .data : 0xc17f5838 - 0xc1bdfac0   (4008 kB)
[    0.000000]       .text : 0xc1000000 - 0xc17f5838   (8150 kB)
[    0.000000] Checking if this processor honours the WP bit even in supervisor mode...Ok.
[    0.000000] SLUB: HWalign=64, Order=0-3, MinObjects=0, CPUs=2, Nodes=1
[    0.000000] Hierarchical RCU implementation.
[    0.000000] 	Build-time adjustment of leaf fanout to 32.
[    0.000000] 	RCU restricting CPUs from NR_CPUS=8 to nr_cpu_ids=2.
[    0.000000] RCU: Adjusting geometry for rcu_fanout_leaf=32, nr_cpu_ids=2
[    0.000000] NR_IRQS:2304 nr_irqs:440 16
[    0.000000] Console: colour VGA+ 80x25
[    0.000000] console [tty1] enabled
[    0.000000] console [ttyS0] enabled
[    0.000000] allocated 1048576 bytes of page_ext
[    0.000000] tsc: Detected 3192.000 MHz processor
[    0.237837] Calibrating delay loop (skipped) preset value.. 6384.00 BogoMIPS (lpj=12768000)
[    0.240259] pid_max: default: 32768 minimum: 301
[    0.241465] ACPI: Core revision 20150930
[    0.243969] ACPI: 2 ACPI AML tables successfully acquired and loaded
[    0.245616] Security Framework initialized
[    0.246713] Yama: becoming mindful.
[    0.247889] AppArmor: AppArmor initialized
[    0.249162] Mount-cache hash table entries: 2048 (order: 1, 8192 bytes)
[    0.250584] Mountpoint-cache hash table entries: 2048 (order: 1, 8192 bytes)
[    0.252368] Initializing cgroup subsys io
[    0.253499] Initializing cgroup subsys memory
[    0.254581] Initializing cgroup subsys devices
[    0.255667] Initializing cgroup subsys freezer
[    0.256828] Initializing cgroup subsys net_cls
[    0.257958] Initializing cgroup subsys perf_event
[    0.259153] Initializing cgroup subsys net_prio
[    0.260360] Initializing cgroup subsys hugetlb
[    0.261505] Initializing cgroup subsys pids
[    0.264988] mce: CPU supports 0 MCE banks
[    0.265964] Last level iTLB entries: 4KB 128, 2MB 8, 4MB 8
[    0.267278] Last level dTLB entries: 4KB 64, 2MB 0, 4MB 0, 1GB 4
[    0.268802] Spectre V1 : Mitigation: usercopy/swapgs barriers and __user pointer sanitization
[    0.271119] Spectre V2 : Mitigation: Full generic retpoline
[    0.272685] Spectre V2 : Spectre v2 / SpectreRSB mitigation: Filling RSB on context switch
[    0.274814] Speculative Store Bypass: Vulnerable
[    0.275873] SRBDS: Unknown: Dependent on hypervisor status
[    0.277294] MDS: Vulnerable: Clear CPU buffers attempted, no microcode
[    0.283014] Freeing SMP alternatives memory: 36K
[    0.290633] ftrace: allocating 31633 entries in 62 pages
[    0.361842] smpboot: APIC(0) Converting physical 0 to logical package 0
[    0.363498] smpboot: Max logical packages: 1
[    0.364853] Enabling APIC mode:  Flat.  Using 1 I/O APICs
[    0.368667] ..TIMER: vector=0x30 apic1=0 pin1=2 apic2=-1 pin2=-1
[    0.478310] smpboot: CPU0: Intel(R) Core(TM) i5-6500 CPU @ 3.20GHz (family: 0x6, model: 0x5e, stepping: 0x3)
[    0.481051] Performance Events: unsupported p6 CPU model 94 no PMU driver, software events only.
[    0.493263] KVM setup paravirtual spinlock
[    0.495052] x86: Booting SMP configuration:
[    0.496227] .... node  #0, CPUs:      #1
[1266874884.691160] Initializing CPU#1
[    0.498945] kvm-clock: cpu 1, msr 0:37bfd041, secondary cpu clock
[    0.502118] mce: CPU supports 0 MCE banks
[    0.504930] x86: Booted up 1 node, 2 CPUs
[    0.506410] smpboot: Total of 2 processors activated (12768.00 BogoMIPS)
[    0.508730] devtmpfs: initialized
[    0.509868] evm: security.selinux
[    0.510762] evm: security.SMACK64
[    0.511758] evm: security.SMACK64EXEC
[    0.512796] evm: security.SMACK64TRANSMUTE
[    0.513803] evm: security.SMACK64MMAP
[    0.514927] evm: security.ima
[    0.516235] evm: security.capability
[    0.517596] clocksource: jiffies: mask: 0xffffffff max_cycles: 0xffffffff, max_idle_ns: 7645041785100000 ns
[    0.519945] futex hash table entries: 512 (order: 3, 32768 bytes)
[    0.521650] pinctrl core: initialized pinctrl subsystem
[    0.523206] RTC time: 21:35:37, date: 11/06/20
[    0.524423] NET: Registered protocol family 16
[    0.525757] EISA bus registered
[    0.540097] cpuidle: using governor ladder
[    0.555714] cpuidle: using governor menu
[    0.559722] PCCT header not found.
[    0.563575] ACPI: bus type PCI registered
[    0.567764] acpiphp: ACPI Hot Plug PCI Controller Driver version: 0.5
[    0.572914] PCI : PCI BIOS area is rw and x. Use pci=nobios if you want it NX.
[    0.577139] PCI: PCI BIOS revision 2.10 entry at 0xfda26, last bus=0
[    0.579973] PCI: Using configuration type 1 for base access
[    0.593158] ACPI: Added _OSI(Module Device)
[    0.594400] ACPI: Added _OSI(Processor Device)
[    0.595708] ACPI: Added _OSI(3.0 _SCP Extensions)
[    0.596913] ACPI: Added _OSI(Processor Aggregator Device)
[    0.598975] ACPI: Executed 1 blocks of module-level executable AML code
[    0.603700] ACPI: Interpreter enabled
[    0.604878] ACPI: (supports S0 S5)
[    0.605878] ACPI: Using IOAPIC for interrupt routing
[    0.621461] PCI: Using host bridge windows from ACPI; if necessary, use "pci=nocrs" and report a bug
[    0.628998] ACPI: PCI Root Bridge [PCI0] (domain 0000 [bus 00-ff])
[    0.630895] acpi PNP0A03:00: _OSC: OS supports [ASPM ClockPM Segments MSI]
[    0.633509] acpi PNP0A03:00: _OSC: not requesting OS control; OS requires [ExtendedConfig ASPM ClockPM MSI]
[    0.636437] acpi PNP0A03:00: fail to add MMCONFIG information, can't access extended PCI configuration space under this bridge.
[    0.640748] PCI host bridge to bus 0000:00
[    0.641895] pci_bus 0000:00: root bus resource [io  0x0000-0x0cf7 window]
[    0.643796] pci_bus 0000:00: root bus resource [io  0x0d00-0xffff window]
[    0.645532] pci_bus 0000:00: root bus resource [mem 0x000a0000-0x000bffff window]
[    0.647913] pci_bus 0000:00: root bus resource [mem 0x40000000-0xfdffffff window]
[    0.650260] pci_bus 0000:00: root bus resource [bus 00-ff]
[    0.653809] pci 0000:00:01.1: legacy IDE quirk: reg 0x10: [io  0x01f0-0x01f7]
[    0.655608] pci 0000:00:01.1: legacy IDE quirk: reg 0x14: [io  0x03f6]
[    0.657104] pci 0000:00:01.1: legacy IDE quirk: reg 0x18: [io  0x0170-0x0177]
[    0.658781] pci 0000:00:01.1: legacy IDE quirk: reg 0x1c: [io  0x0376]
[    0.687221] pci 0000:00:07.0: quirk: [io  0x4000-0x403f] claimed by PIIX4 ACPI
[    0.689174] pci 0000:00:07.0: quirk: [io  0x4100-0x410f] claimed by PIIX4 SMB
[    0.699010] ACPI: PCI Interrupt Link [LNKA] (IRQs 5 9 10 *11)
[    0.701253] ACPI: PCI Interrupt Link [LNKB] (IRQs 5 9 *10 11)
[    0.703235] ACPI: PCI Interrupt Link [LNKC] (IRQs 5 *9 10 11)
[    0.729817] ACPI: PCI Interrupt Link [LNKD] (IRQs 5 9 10 *11)
[    0.732533] ACPI: Enabled 2 GPEs in block 00 to 07
[    0.734326] vgaarb: setting as boot device: PCI:0000:00:02.0
[    0.735661] vgaarb: device added: PCI:0000:00:02.0,decodes=io+mem,owns=io+mem,locks=none
[    0.737867] vgaarb: loaded
[    0.738774] vgaarb: bridge control possible 0000:00:02.0
[    0.740494] SCSI subsystem initialized
[    0.741727] ACPI: bus type USB registered
[    0.742799] usbcore: registered new interface driver usbfs
[    0.744126] usbcore: registered new interface driver hub
[    0.745448] usbcore: registered new device driver usb
[    0.747084] PCI: Using ACPI for IRQ routing
[    0.748443] NetLabel: Initializing
[    0.749357] NetLabel:  domain hash size = 128
[    0.750624] NetLabel:  protocols = UNLABELED CIPSOv4
[    0.752023] NetLabel:  unlabeled traffic allowed by default
[    0.753601] amd_nb: Cannot enumerate AMD northbridges
[    0.754970] clocksource: Switched to clocksource kvm-clock
[    0.766190] AppArmor: AppArmor Filesystem Enabled
[    0.767551] pnp: PnP ACPI init
[    0.769204] pnp: PnP ACPI: found 3 devices
[    0.770366] PnPBIOS: Disabled by ACPI PNP
[    0.815622] clocksource: acpi_pm: mask: 0xffffff max_cycles: 0xffffff, max_idle_ns: 2085701024 ns
[    0.818408] NET: Registered protocol family 2
[    0.819699] TCP established hash table entries: 8192 (order: 3, 32768 bytes)
[    0.821429] TCP bind hash table entries: 8192 (order: 4, 65536 bytes)
[    0.822905] TCP: Hash tables configured (established 8192 bind 8192)
[    0.824444] UDP hash table entries: 512 (order: 2, 16384 bytes)
[    0.825762] UDP-Lite hash table entries: 512 (order: 2, 16384 bytes)
[    0.827314] NET: Registered protocol family 1
[    0.828425] pci 0000:00:00.0: Limiting direct PCI/PCI transfers
[    0.830070] pci 0000:00:01.0: Activating ISA DMA hang workarounds
[    0.832223] Unpacking initramfs...
[    1.112708] Freeing initrd memory: 14840K
[    1.113982] clocksource: tsc: mask: 0xffffffffffffffff max_cycles: 0x2e02c4a121d, max_idle_ns: 440795236083 ns
[    1.116513] platform rtc_cmos: registered platform RTC device (no PNP device found)
[    1.118698] Scanning for low memory corruption every 60 seconds
[    1.120895] audit: initializing netlink subsys (disabled)
[    1.122165] audit: type=2000 audit(1604698543.993:1): initialized
[    1.123965] Initialise system trusted keyring
[    1.125439] HugeTLB registered 2 MB page size, pre-allocated 0 pages
[    1.128065] zbud: loaded
[    1.133198] VFS: Disk quotas dquot_6.6.0
[    1.134382] VFS: Dquot-cache hash table entries: 1024 (order 0, 4096 bytes)
[    1.136464] squashfs: version 4.0 (2009/01/31) Phillip Lougher
[    1.138532] fuse init (API version 7.23)
[    1.140058] Key type big_key registered
[    1.141142] Allocating IMA MOK and blacklist keyrings.
[    1.145892] Key type asymmetric registered
[    1.147121] Asymmetric key parser 'x509' registered
[    1.148294] bounce: pool size: 64 pages
[    1.149298] Block layer SCSI generic (bsg) driver version 0.4 loaded (major 249)
[    1.151765] io scheduler noop registered
[    1.152908] io scheduler deadline registered (default)
[    1.154167] io scheduler cfq registered
[    1.155498] pci_hotplug: PCI Hot Plug PCI Core version: 0.5
[    1.156867] pciehp: PCI Express Hot Plug Controller Driver version: 0.4
[    1.158383] ACPI: AC Adapter [AC] (on-line)
[    1.159523] input: Power Button as /devices/LNXSYSTM:00/LNXPWRBN:00/input/input0
[    1.161382] ACPI: Power Button [PWRF]
[    1.162362] input: Sleep Button as /devices/LNXSYSTM:00/LNXSLPBN:00/input/input1
[    1.164996] ACPI: Sleep Button [SLPF]
[    1.166366] GHES: HEST is not enabled!
[    1.167449] isapnp: Scanning for PnP cards...
[    1.171171] Serial: 8250/16550 driver, 32 ports, IRQ sharing enabled
[    1.193511] 00:02: ttyS0 at I/O 0x3f8 (irq = 4, base_baud = 115200) is a 16550A
[    1.200290] Linux agpgart interface v0.103
[    1.202472] loop: module loaded
[    1.204340] scsi host0: ata_piix
[    1.205491] scsi host1: ata_piix
[    1.206576] ata1: PATA max UDMA/33 cmd 0x1f0 ctl 0x3f6 bmdma 0xd000 irq 14
[    1.208357] ata2: PATA max UDMA/33 cmd 0x170 ctl 0x376 bmdma 0xd008 irq 15
[    1.210496] libphy: Fixed MDIO Bus: probed
[    1.211675] tun: Universal TUN/TAP device driver, 1.6
[    1.213204] tun: (C) 1999-2004 Max Krasnyansky <maxk@qualcomm.com>
[    1.214767] PPP generic driver version 2.4.2
[    1.216041] ehci_hcd: USB 2.0 'Enhanced' Host Controller (EHCI) Driver
[    1.218537] ehci-pci: EHCI PCI platform driver
[    1.220066] ehci-platform: EHCI generic platform driver
[    1.221472] ohci_hcd: USB 1.1 'Open' Host Controller (OHCI) Driver
[    1.223057] ohci-pci: OHCI PCI platform driver
[    1.224318] ohci-platform: OHCI generic platform driver
[    1.225731] uhci_hcd: USB Universal Host Controller Interface driver
[    1.227486] i8042: PNP: PS/2 Controller [PNP0303:PS2K,PNP0f03:PS2M] at 0x60,0x64 irq 1,12
[    1.230460] serio: i8042 KBD port at 0x60,0x64 irq 1
[    1.232399] serio: i8042 AUX port at 0x60,0x64 irq 12
[    1.233779] mousedev: PS/2 mouse device common for all mice
[    1.235745] rtc_cmos rtc_cmos: rtc core: registered rtc_cmos as rtc0
[    1.237760] input: AT Translated Set 2 keyboard as /devices/platform/i8042/serio0/input/input2
[    1.240513] rtc_cmos rtc_cmos: alarms up to one day, 114 bytes nvram
[    1.242088] i2c /dev entries driver
[    1.243144] device-mapper: uevent: version 1.0.3
[    1.244617] device-mapper: ioctl: 4.34.0-ioctl (2015-10-28) initialised: dm-devel@redhat.com
[    1.246997] platform eisa.0: Probing EISA bus 0
[    1.248267] platform eisa.0: EISA: Cannot allocate resource for mainboard
[    1.249888] platform eisa.0: Cannot allocate resource for EISA slot 1
[    1.251954] platform eisa.0: Cannot allocate resource for EISA slot 2
[    1.253469] platform eisa.0: Cannot allocate resource for EISA slot 3
[    1.254999] platform eisa.0: Cannot allocate resource for EISA slot 4
[    1.256593] platform eisa.0: Cannot allocate resource for EISA slot 5
[    1.258324] platform eisa.0: Cannot allocate resource for EISA slot 6
[    1.259885] platform eisa.0: Cannot allocate resource for EISA slot 7
[    1.261547] platform eisa.0: Cannot allocate resource for EISA slot 8
[    1.263254] platform eisa.0: EISA: Detected 0 cards
[    1.264700] cpufreq-nforce2: No nForce2 chipset.
[    1.266392] ledtrig-cpu: registered to indicate activity on CPUs
[    1.268194] NET: Registered protocol family 10
[    1.269649] NET: Registered protocol family 17
[    1.270843] Key type dns_resolver registered
[    1.272542] Using IPI No-Shortcut mode
[    1.273782] registered taskstats version 1
[    1.274992] Loading compiled-in X.509 certificates
[    1.278147] Loaded X.509 cert 'Build time autogenerated kernel key: c265e848ecf3d25c67812b682f97637f5e6c266b'
[    1.280874] zswap: loaded using pool lzo/zbud
[    1.283545] Key type trusted registered
[    1.287850] Key type encrypted registered
[    1.288943] AppArmor: AppArmor sha1 policy hashing enabled
[    1.290349] ima: No TPM chip found, activating TPM-bypass!
[    1.291866] ima: Allocated hash algorithm: sha1
[    1.293073] evm: HMAC attrs: 0x1
[    1.294229]   Magic number: 12:738:600
[    1.295443] rtc_cmos rtc_cmos: setting system clock to 2020-11-06 21:35:38 UTC (1604698538)
[    1.298181] BIOS EDD facility v0.16 2004-Jun-25, 0 devices found
[    1.299696] EDD information not available.
[    1.530948] isapnp: No Plug & Play device found
[    1.533068] Freeing unused kernel memory: 940K
[    1.955836] Write protecting the kernel text: 8152k
[    1.961240] Write protecting the kernel read-only data: 3216k
[    1.966871] NX-protecting the kernel data: 6184k
Loading, please wait...
starting version 229
[    1.996089] random: systemd-udevd: uninitialized urandom read (16 bytes read, 0 bits of entropy available)
[    1.996774] random: udevadm: uninitialized urandom read (16 bytes read, 0 bits of entropy available)
[    2.001675] random: systemd-udevd: uninitialized urandom read (16 bytes read, 0 bits of entropy available)
[    2.004215] random: systemd-udevd: uninitialized urandom read (16 bytes read, 0 bits of entropy available)
[    2.009699] random: systemd-udevd: uninitialized urandom read (16 bytes read, 0 bits of entropy available)
[    2.011960] random: udevadm: uninitialized urandom read (16 bytes read, 0 bits of entropy available)
[    2.012007] random: udevadm: uninitialized urandom read (16 bytes read, 0 bits of entropy available)
[    2.012142] random: udevadm: uninitialized urandom read (16 bytes read, 0 bits of entropy available)
[    2.012193] random: udevadm: uninitialized urandom read (16 bytes read, 0 bits of entropy available)
[    2.012244] random: udevadm: uninitialized urandom read (16 bytes read, 0 bits of entropy available)
[    2.093704] Fusion MPT base driver 3.04.20
[    2.094820] Copyright (c) 1999-2008 LSI Corporation
[    2.101955] e1000: Intel(R) PRO/1000 Network Driver - version 7.3.21-k8-NAPI
[    2.104035] e1000: Copyright (c) 1999-2006 Intel Corporation.
[    2.136798] Fusion MPT SPI Host driver 3.04.20
[    2.327080] input: ImExPS/2 Generic Explorer Mouse as /devices/platform/i8042/serio1/input/input4
[    2.527242] e1000 0000:00:03.0 eth0: (PCI:33MHz:32-bit) 02:6f:e5:2f:53:c4
[    2.528799] e1000 0000:00:03.0 eth0: Intel(R) PRO/1000 Network Connection
[    2.531735] e1000 0000:00:03.0 enp0s3: renamed from eth0
[    2.533214] mptbase: ioc0: Initiating bringup
[    2.599773] ioc0: LSI53C1030 A0: Capabilities={Initiator}
[    2.770740] scsi host2: ioc0: LSI53C1030 A0, FwRev=00000000h, Ports=1, MaxQ=256, IRQ=20
[    2.888329] scsi 2:0:0:0: Direct-Access     VBOX     HARDDISK         1.0  PQ: 0 ANSI: 5
[    2.890899] scsi target2:0:0: Beginning Domain Validation
[    2.896550] scsi target2:0:0: Domain Validation skipping write tests
[    2.898232] scsi target2:0:0: Ending Domain Validation
[    2.900017] scsi target2:0:0: asynchronous
[    2.902428] scsi 2:0:1:0: Direct-Access     VBOX     HARDDISK         1.0  PQ: 0 ANSI: 5
[    2.904514] scsi target2:0:1: Beginning Domain Validation
[    2.909413] scsi target2:0:1: Domain Validation skipping write tests
[    2.910927] scsi target2:0:1: Ending Domain Validation
[    2.912422] scsi target2:0:1: asynchronous
[    2.924514] sd 2:0:0:0: Attached scsi generic sg0 type 0
[    2.926032] sd 2:0:0:0: [sda] 20971520 512-byte logical blocks: (10.7 GB/10.0 GiB)
[    2.928678] sd 2:0:1:0: [sdb] 20480 512-byte logical blocks: (10.5 MB/10.0 MiB)
[    2.928748] sd 2:0:1:0: Attached scsi generic sg1 type 0
[    2.933164] sd 2:0:0:0: [sda] Write Protect is off
[    2.933275] sd 2:0:1:0: [sdb] Write Protect is off
[    2.933507] sd 2:0:1:0: [sdb] Incomplete mode parameter data
[    2.933509] sd 2:0:1:0: [sdb] Assuming drive cache: write through
[    2.939630] sd 2:0:0:0: [sda] Incomplete mode parameter data
[    2.941246] sd 2:0:0:0: [sda] Assuming drive cache: write through
[    2.957711]  sda: sda1
[    2.959941] sd 2:0:0:0: [sda] Attached SCSI disk
[    2.961132] sd 2:0:1:0: [sdb] Attached SCSI disk
Begin: Loading essential drivers ... [    4.461993] md: linear personality registered for level -1
[    4.468044] md: multipath personality registered for level -4
[    4.473990] md: raid0 personality registered for level 0
[    4.481612] md: raid1 personality registered for level 1
[    4.555549] raid6: mmxx1    gen()  6407 MB/s
[    4.623355] raid6: mmxx2    gen()  6477 MB/s
[    4.691078] raid6: sse1x1   gen()  5671 MB/s
[    4.759074] raid6: sse1x2   gen()  6535 MB/s
[    4.827376] raid6: sse2x1   gen() 11491 MB/s
[    4.895063] raid6: sse2x1   xor()  8173 MB/s
[    4.963139] raid6: sse2x2   gen() 13904 MB/s
[    5.030986] raid6: sse2x2   xor()  8459 MB/s
[    5.099170] raid6: avx2x1   gen() 21523 MB/s
[    5.167038] raid6: avx2x2   gen() 24465 MB/s
[    5.168234] raid6: using algorithm avx2x2 gen() 24465 MB/s
[    5.169571] raid6: using avx2x1 recovery algorithm
[    5.174486] xor: automatically using best checksumming function:
[    5.214982]    avx       : 29354.000 MB/sec
[    5.218965] async_tx: api initialized (async)
[    5.242008] md: raid6 personality registered for level 6
[    5.244390] md: raid5 personality registered for level 5
[    5.245824] md: raid4 personality registered for level 4
[    5.256660] md: raid10 personality registered for level 10
done.
Begin: Running /scripts/init-premount ... done.
Begin: Mounting root file system ... Begin: Running /scripts/local-top ... done.
Begin: Running /scripts/local-premount ... [    5.301654] Btrfs loaded
Scanning for Btrfs filesystems
done.
Warning: fsck not present, so skipping root file system
[    5.354337] EXT4-fs (sda1): mounted filesystem with ordered data mode. Opts: (null)
done.
Begin: Running /scripts/local-bottom ... done.
Begin: Running /scripts/init-bottom ... done.
[    5.978469] systemd[1]: systemd 229 running in system mode. (+PAM +AUDIT +SELINUX +IMA +APPARMOR +SMACK +SYSVINIT +UTMP +LIBCRYPTSETUP +GCRYPT +GNUTLS +ACL +XZ -LZ4 +SECCOMP +BLKID +ELFUTILS +KMOD -IDN)
[    5.984138] systemd[1]: Detected virtualization oracle.
[    5.985778] systemd[1]: Detected architecture x86.

Welcome to [1mUbuntu 16.04.7 LTS[0m!

[    6.019433] systemd[1]: Set hostname to <ubuntu-xenial>.
[    6.401886] random: nonblocking pool is initialized
[    6.677743] systemd[1]: Reached target User and Group Name Lookups.
[[0;32m  OK  [0m] Reached target User and Group Name Lookups.
[    6.680225] systemd[1]: Started Trigger resolvconf update for networkd DNS.
[[0;32m  OK  [0m] Started Trigger resolvconf update for networkd DNS.
[    6.682793] systemd[1]: Listening on Device-mapper event daemon FIFOs.
[[0;32m  OK  [0m] Listening on Device-mapper event daemon FIFOs.
[    6.685260] systemd[1]: Reached target Swap.
[[0;32m  OK  [0m] Reached target Swap.
[    6.687461] systemd[1]: Listening on LVM2 poll daemon socket.
[[0;32m  OK  [0m] Listening on LVM2 poll daemon socket.
[    6.696270] systemd[1]: Created slice User and Session Slice.
[[0;32m  OK  [0m] Created slice User and Session Slice.
[    6.704031] systemd[1]: Listening on Journal Socket.
[[0;32m  OK  [0m] Listening on Journal Socket.
[    6.712139] systemd[1]: Listening on /dev/initctl Compatibility Named Pipe.
[[0;32m  OK  [0m] Listening on /dev/initctl Compatibility Named Pipe.
[    6.720107] systemd[1]: Listening on LVM2 metadata daemon socket.
[[0;32m  OK  [0m] Listening on LVM2 metadata daemon socket.
[    6.722904] systemd[1]: Listening on udev Control Socket.
[[0;32m  OK  [0m] Listening on udev Control Socket.
[    6.725210] systemd[1]: Started Forward Password Requests to Wall Directory Watch.
[[0;32m  OK  [0m] Started Forward Password Requests to Wall Directory Watch.
[    6.728234] systemd[1]: Reached target Encrypted Volumes.
[[0;32m  OK  [0m] Reached target Encrypted Volumes.
[    6.730499] systemd[1]: Listening on Journal Audit Socket.
[[0;32m  OK  [0m] Listening on Journal Audit Socket.
[    6.732714] systemd[1]: Listening on Syslog Socket.
[[0;32m  OK  [0m] Listening on Syslog Socket.
[    6.734836] systemd[1]: Set up automount Arbitrary Executable File Formats File System Automount Point.
[[0;32m  OK  [0m] Set up automount Arbitrary Executab...ats File System Automount Point.
[    6.738763] systemd[1]: Listening on udev Kernel Socket.
[[0;32m  OK  [0m] Listening on udev Kernel Socket.
[    6.747640] systemd[1]: Created slice System Slice.
[[0;32m  OK  [0m] Created slice System Slice.
[    6.767953] systemd[1]: Starting Uncomplicated firewall...
         Starting Uncomplicated firewall...
[    6.772195] systemd[1]: Starting Create list of required static device nodes for the current kernel...
         Starting Create list of required st... nodes for the current kernel...
[    6.784175] systemd[1]: Starting Nameserver information manager...
         Starting Nameserver information manager...
[    6.787902] systemd[1]: Starting Set console keymap...
         Starting Set console keymap...
[    6.789774] systemd[1]: Reached target Slices.
[[0;32m  OK  [0m] Reached target Slices.
[    6.831322] systemd[1]: Starting Load Kernel Modules...
         Starting Load Kernel Modules...
[    6.833972] systemd[1]: Starting Monitoring of LVM2 mirrors, snapshots etc. using dmeventd or progress polling...
         Starting Monitoring of LVM2 mirrors... dmeventd or progress polling...
[    6.838610] systemd[1]: Mounting Huge Pages File System...
         Mounting Huge Pages File System...
[    6.863558] systemd[1]: Created slice system-serial\x2dgetty.slice.
[[0;32m  OK  [0m] Created slice system-serial\x2dgetty.slice.
[    6.883693] systemd[1]: Mounting Debug File System...
         Mounting Debug File System...
[    6.886969] systemd[1]: Starting Remount Root and Kernel File Systems...
         Starting Remount Root and Kernel File Systems...
[    6.895905] systemd[1]: Mounting POSIX Message Queue File System...
         Mounting POSIX Message Queue File System...
[    6.898931] systemd[1]: Reached target System Time Synchronized.
[[0;32m  OK  [0m] Reached target System Time Synchronized.
[    6.901344] systemd[1]: Listening on Journal Socket (/dev/log).
[[0;32m  OK  [0m] Listening on Journal Socket (/dev/log).
[    6.905817] systemd[1]: Starting Journal Service...
         Starting Journal Service...
[    6.909574] systemd[1]: Started Uncomplicated firewall.
[[0;32m  OK  [0m] Started Uncomplicated firewall.
[    6.912289] systemd[1]: Started Create list of required static device nodes for the current kernel.
[[0;32m  OK  [0m] Started Create list of required sta...ce nodes for the current kernel.
[    6.918271] systemd[1]: Starting Create Static Device Nodes in /dev...
         Starting Create Static Device Nodes in /dev...
[    6.974755] Loading iSCSI transport class v2.0-870.
[    6.992642] systemd[1]: Mounted Huge Pages File System.
[    6.994100] EXT4-fs (sda1): re-mounted. Opts: (null)
[[0;32m  OK  [0m] Mounted Huge Pages File System.
[    6.995649] systemd[1]: Mounted Debug File System.
[[0;32m  OK  [0m] Mounted Debug File System.
[    7.000673] systemd[1]: Mounted POSIX Message Queue File System.
[[0;32m  OK  [0m] Mounted POSIX Message Queue File System.
[    7.020823] systemd[1]: Started Remount Root and Kernel File Systems.
[[0;32m  OK  [0m] Started Remount Root and Kernel File Systems.
[    7.025400] systemd[1]: Starting Load/Save Random Seed...
[
   7.027042] iscsi: registered transport (tcp)
         Starting Load/Save Random Seed...
[    7.111588] systemd[1]: Starting udev Coldplug all Devices...
         Starting udev Coldplug all Devices...
[    7.117383] systemd[1]: Started Journal Service.
[[0;32m  OK  [0m] Started Journal Service.
[[0;32m  OK  [0m] Started Nameserver information manager.
[[0;32m  OK  [0m] Started Load/Save Random Seed.
[[0;32m  OK  [0m] Started LVM2 metadata daemon.
         Starting Flush Journal to Persistent Storage...
[[0;32m  OK  [0m] Started Set console keymap.
[    7.198663] systemd-journald[385]: Received request to flush runtime journal from PID 1
[[0;32m  OK  [0m] Started Flush Journal to Persistent Storage.
[[0;32m  OK  [0m] Started udev Coldplug all Devices.
[    7.260252] iscsi: registered transport (iser)
[[0;32m  OK  [0m] Started Load Kernel Modules.
         Mounting FUSE Control File System...
         Starting Apply Kernel Variables...
[[0;32m  OK  [0m] Mounted FUSE Control File System.
[[0;32m  OK  [0m] Started Create Static Device Nodes in /dev.
         Starting udev Kernel Device Manager...
[[0;32m  OK  [0m] Started Apply Kernel Variables.
[[0;32m  OK  [0m] Started Monitoring of LVM2 mirrors,...ng dmeventd or progress polling.
[[0;32m  OK  [0m] Reached target Local File Systems (Pre).
         Mounting /vagrant...
[[0;32m  OK  [0m] Reached target Local File Systems.
         Starting Set console font and keymap...
         Starting Tell Plymouth To Write Out Runtime Data...
         Starting Initial cloud-init job (pre-networking)...
         Starting LSB: AppArmor initialization...
         Starting Create Volatile Files and Directories...
[[0;32m  OK  [0m] Started udev Kernel Device Manager.
[[0;32m  OK  [0m] Started Dispatch Password Requests to Console Directory Watch.
[[0;32m  OK  [0m] Mounted /vagrant.
[[0;32m  OK  [0m] Started Tell Plymouth To Write Out Runtime Data.
[[0;32m  OK  [0m] Found device /dev/ttyS0.
[[0;32m  OK  [0m] Listening on Load/Save RF Kill Switch Status /dev/rfkill Watch.
[[0;32m  OK  [0m] Started Create Volatile Files and Directories.
         Starting Update UTMP about System Boot/Shutdown...
[[0;32m  OK  [0m] Found device 82540EM Gigabit Ethern...r (PRO/1000 MT Desktop Adapter).
[[0;32m  OK  [0m] Started Set console font and keymap.
[[0;32m  OK  [0m] Created slice system-getty.slice.
[[0;32m  OK  [0m] Started Update UTMP about System Boot/Shutdown.
[[0;32m  OK  [0m] Started LSB: AppArmor initialization.
         Starting Load AppArmor profiles managed internally by snapd...
[[0;32m  OK  [0m] Started Load AppArmor profiles managed internally by snapd.
[   11.448706] cloud-init[481]: Cloud-init v. 20.3-2-g371b392c-0ubuntu1~16.04.1 running 'init-local' at Fri, 06 Nov 2020 21:35:48 +0000. Up 10.75 seconds.
[[0;32m  OK  [0m] Started Initial cloud-init job (pre-networking).
[[0;32m  OK  [0m] Reached target Network (Pre).
         Starting Raise network interfaces...
[[0;32m  OK  [0m] Started ifup for enp0s3.
[[0;32m  OK  [0m] Started Raise network interfaces.
[[0;32m  OK  [0m] Reached target Network.
         Starting Initial cloud-init job (metadata service crawler)...
[   12.995774] cloud-init[977]: Cloud-init v. 20.3-2-g371b392c-0ubuntu1~16.04.1 running 'init' at Fri, 06 Nov 2020 21:35:49 +0000. Up 12.27 seconds.
[   12.997893] cloud-init[977]: ci-info: ++++++++++++++++++++++++++++++++++++++Net device info++++++++++++++++++++++++++++++++++++++
[   13.005180] cloud-init[977]: ci-info: +--------+------+----------------------------+---------------+--------+-------------------+
[   13.006947] cloud-init[977]: ci-info: | Device |  Up  |          Address           |      Mask     | Scope  |     Hw-Address    |
[   13.008275] cloud-init[977]: ci-info: +--------+------+----------------------------+---------------+--------+-------------------+
[   13.009599] cloud-init[977]: ci-info: | enp0s3 | True |         10.0.2.15          | 255.255.255.0 | global | 02:6f:e5:2f:53:c4 |
[   13.011043] cloud-init[977]: ci-info: | enp0s3 | True | fe80::6f:e5ff:fe2f:53c4/64 |       .       |  link  | 02:6f:e5:2f:53:c4 |
[   13.012366] cloud-init[977]: ci-info: |   lo   | True |         127.0.0.1          |   255.0.0.0   |  host  |         .         |
[   13.013619] cloud-init[977]: ci-info: |   lo   | True |          ::1/128           |       .       |  host  |         .         |
[   13.015077] cloud-init[977]: ci-info: +--------+------+----------------------------+---------------+--------+-------------------+
[   13.025200] cloud-init[977]: ci-info: +++++++++++++++++++++++++++Route IPv4 info++++++++++++++++++++++++++++
[   13.026463] cloud-init[977]: ci-info: +-------+-------------+----------+---------------+-----------+-------+
[   13.033395] cloud-init[977]: ci-info: | Route | Destination | Gateway  |    Genmask    | Interface | Flags |
[   13.041057] cloud-init[977]: ci-info: +-------+-------------+----------+---------------+-----------+-------+
[   13.042326] cloud-init[977]: ci-info: |   0   |   0.0.0.0   | 10.0.2.2 |    0.0.0.0    |   enp0s3  |   UG  |
[   13.048584] cloud-init[977]: ci-info: |   1   |   10.0.2.0  | 0.0.0.0  | 255.255.255.0 |   enp0s3  |   U   |
[   13.049891] cloud-init[977]: ci-info: +-------+-------------+----------+---------------+-----------+-------+
[   13.056749] cloud-init[977]: ci-info: +++++++++++++++++++Route IPv6 info+++++++++++++++++++
[   13.064606] cloud-init[977]: ci-info: +-------+-------------+---------+-----------+-------+
[[0;32m  OK  [0m] Started Initial cloud-init job (metadata service crawler).
[   13.064766] cloud-init[977]: ci-info: | Route | Destination | Gateway | Interface | Flags |
[   13.068310] cloud-init[977]: ci-info: +-------+-------------+---------+-----------+-------+
[   13.068494] cloud-init[977]: ci-info: |   0   |  fe80::/64  |    ::   |   enp0s3  |   U   |
[   13.068780] cloud-init[977]: ci-info: |   3   |   ff00::/8  |    ::   |   enp0s3  |   U   |
[[0;32m  OK  [0m] Reached target Cloud-config availability.
[[   13.069022] [0;32m  OK  [0mcloud-init] [977]: Reached target System Initialization.ci-info: +-------+-------------+---------+-----------+-------+

[[0;32m  OK  [0m] Listening on UUID daemon activation socket.
         Starting Socket activation for snappy daemon.
[[0;32m  OK  [0m] Listening on ACPID Listen Socket.
[[0;32m  OK  [0m] Started Daily apt download activities.
[[0;32m  OK  [0m] Started Daily Cleanup of Temporary Directories.
[[0;32m  OK  [0m] Started Daily apt upgrade and clean activities.
[[0;32m  OK  [0m] Listening on D-Bus System Message Bus Socket.
[[0;32m  OK  [0m] Started Message of the Day.
[[0;32m  OK  [0m] Reached target Timers.
         Starting LXD - unix socket.
[[0;32m  OK  [0m] Started ACPI Events Check.
[[0;32m  OK  [0m] Reached target Paths.
[[0;32m  OK  [0m] Reached target Network is Online.
         Starting iSCSI initiator daemon (iscsid)...
[[0;32m  OK  [0m] Listening on Socket activation for snappy daemon.
[[0;32m  OK  [0m] Listening on LXD - unix socket.
[[0;32m  OK  [0m] Reached target Sockets.
[[0;32m  OK  [0m] Reached target Basic System.
         Starting MySQL Community Server...
[[0;32m  OK  [0m] Started ACPI event daemon.
         Starting vboxadd.service...
[[0;32m  OK  [0m] Started Regular background program processing daemon.
[[0;32m  OK  [0m] Started Deferred execution scheduler.
         Starting /etc/rc.local Compatibility...
         Starting LSB: Record successful boot for GRUB...
[[0;32m  OK  [0m] Started D-Bus System Message Bus.
         Starting System Logging Service...
         Starting Accounts Service...
         Starting OpenBSD Secure Shell server...
         Starting Message of the Day...
         Starting LSB: MD monitoring daemon...
[[0;32m  OK  [0m] Started FUSE filesystem for LXC.
         Starting LXD - container startup/shutdown...
         Starting Login Service...
         Starting Snap Daemon...
[[0;32m  OK  [0m] Started /etc/rc.local Compatibility.
[[0;32m  OK  [0m] Started Message of the Day.
[[0;32m  OK  [0m] Started iSCSI initiator daemon (iscsid).
         Starting Login to default iSCSI targets...
[[0;32m  OK  [0m] Started System Logging Service.
[[0;32m  OK  [0m] Started Login Service.
[[0;32m  OK  [0m] Started Unattended Upgrades Shutdown.
[[0;32m  OK  [0m] Started Login to default iSCSI targets.
[[0;32m  OK  [0m] Reached target Remote File Systems (Pre).
[[0;32m  OK  [0m] Reached target Remote File Systems.
         Starting LSB: Set the CPU Frequency Scaling governor to "ondemand"...
         Starting Permit User Sessions...
         Starting LSB: automatic crash report generation...
         Starting LSB: daemon to balance interrupts for SMP systems...
[[0;32m  OK  [0m] Started LSB: Record successful boot for GRUB.
[[0;32m  OK  [0m] Started LSB: MD monitoring daemon.
[[0;32m  OK  [0m] Started LSB: Set the CPU Frequency Scaling governor to "ondemand".
[[0;32m  OK  [0m] Started Permit User Sessions.
         Starting Hold until boot process finishes up...
         Starting Terminate Plymouth Boot Screen...
[[0;32m  OK  [0m] Started Hold until boot process finishes up.
[[0;32m  OK  [0m] Started Terminate Plymouth Boot Screen.
[[0;32m  OK  [0m] Started Serial Getty on ttyS0.
         Starting Set console scheme...
[[0;32m  OK  [0m] Started Getty on tty1.
[[0;32m  OK  [0m] Reached target Login Prompts.
[[0;32m  OK  [0m] Started LSB: automatic crash report generation.
[[0;32m  OK  [0m] Started Set console scheme.
[[0;32m  OK  [0m] Started LSB: daemon to balance interrupts for SMP systems.
[[0;32m  OK  [0m] Started OpenBSD Secure Shell server.
         Starting Authenticate and Authorize Users to Run Privileged Tasks...
[[0;32m  OK  [0m] Started Authenticate and Authorize Users to Run Privileged Tasks.
[[0;32m  OK  [0m] Started Accounts Service.
[[0;32m  OK  [0m] Started LXD - container startup/shutdown.
[[0;32m  OK  [0m] Started Snap Daemon.
         Starting Wait until snapd is fully seeded...
[[0;32m  OK  [0m] Started Wait until snapd is fully seeded.
         Starting Apply the settings specified in cloud-config...
[   17.897332] cloud-init[1261]: Cloud-init v. 20.3-2-g371b392c-0ubuntu1~16.04.1 running 'modules:config' at Fri, 06 Nov 2020 21:35:55 +0000. Up 17.55 seconds.
[[0;32m  OK  [0m] Started Apply the settings specified in cloud-config.
[[0;32m  OK  [0m] Created slice User Slice of vagrant.
         Starting User Manager for UID 1000...
[[0;32m  OK  [0m] Started Session 1 of user vagrant.
[[0;32m  OK  [0m] Started User Manager for UID 1000.

Ubuntu 16.04.7 LTS ubuntu-xenial ttyS0

ubuntu-xenial login: [   23.549656] cloud-init[1592]: Cloud-init v. 20.3-2-g371b392c-0ubuntu1~16.04.1 running 'modules:final' at Fri, 06 Nov 2020 21:36:00 +0000. Up 23.18 seconds.
[   23.549857] cloud-init[1592]: Cloud-init v. 20.3-2-g371b392c-0ubuntu1~16.04.1 finished at Fri, 06 Nov 2020 21:36:01 +0000. Datasource DataSourceNoCloud [seed=/dev/sdb][dsmode=net].  Up 23.53 seconds
